2025-07-13 16:23:41.626 | INFO     | api:predict:28 -             ds       yhat
146 2025-07-23  32.280268
145 2025-07-22  32.335481
144 2025-07-21  32.275912
143 2025-07-20  31.946948
142 2025-07-19  31.916794
141 2025-07-18  32.189703
140 2025-07-17  31.938597
139 2025-07-16  32.069192
138 2025-07-15  32.124405
137 2025-07-14  32.064835
2025-07-13 16:24:37.205 | INFO     | api:predict:28 - dias de previs達o 10 a partir de 2025-07-13 16:24:37.200413. Resultados:
            ds       yhat
146 2025-07-23  32.280268
145 2025-07-22  32.335481
144 2025-07-21  32.275912
143 2025-07-20  31.946948
142 2025-07-19  31.916794
141 2025-07-18  32.189703
140 2025-07-17  31.938597
139 2025-07-16  32.069192
138 2025-07-15  32.124405
137 2025-07-14  32.064835
2025-07-13 20:13:20.937 | INFO     | api:predict:28 - dias de previs達o 10 a partir de 2025-07-13 20:13:20.932185. Resultados:
            ds       yhat
145 2025-07-22  32.277775
144 2025-07-21  32.211796
143 2025-07-20  31.904190
142 2025-07-19  31.875062
141 2025-07-18  32.142436
140 2025-07-17  31.912008
139 2025-07-16  32.015946
138 2025-07-15  32.073880
137 2025-07-14  32.007901
2025-07-13 20:33:42.752 | INFO     | api:predict:28 - dias de previs達o 10 a partir de 2025-07-13 20:33:42.742110. Resultados:
            ds       yhat
145 2025-07-22  32.277775
144 2025-07-21  32.211796
143 2025-07-20  31.904190
142 2025-07-19  31.875062
141 2025-07-18  32.142436
140 2025-07-17  31.912008
139 2025-07-16  32.015946
138 2025-07-15  32.073880
137 2025-07-14  32.007901
2025-07-13 20:33:48.230 | INFO     | api:predict:28 - dias de previs達o 15 a partir de 2025-07-13 20:33:48.225814. Resultados:
            ds       yhat
150 2025-07-27  32.108084
149 2025-07-26  32.078957
148 2025-07-25  32.346330
147 2025-07-24  32.115903
146 2025-07-23  32.219841
145 2025-07-22  32.277775
144 2025-07-21  32.211796
143 2025-07-20  31.904190
142 2025-07-19  31.875062
141 2025-07-18  32.142436
140 2025-07-17  31.912008
139 2025-07-16  32.015946
138 2025-07-15  32.073880
137 2025-07-14  32.007901
